{
  "stats": {
    "suites": 12,
    "tests": 41,
    "passes": 24,
    "pending": 0,
    "failures": 17,
    "start": "2022-03-29T07:45:24.566Z",
    "end": "2022-03-29T07:47:32.199Z",
    "duration": 127633,
    "testsRegistered": 41,
    "passPercent": 58.536585365853654,
    "pendingPercent": 0,
    "other": 0,
    "hasOther": false,
    "skipped": 0,
    "hasSkipped": false
  },
  "results": [
    {
      "uuid": "15d8938f-26e5-4a1c-8fe2-6ce0f5ccb4c0",
      "title": "",
      "fullFile": "cypress/integration/project.spec.js",
      "file": "cypress/integration/project.spec.js",
      "beforeHooks": [],
      "afterHooks": [],
      "tests": [],
      "suites": [
        {
          "uuid": "5fd091c3-79ae-461f-8858-3d69cba5196e",
          "title": "1 - Adicione à página o título \"Paleta de Cores\".",
          "fullFile": "",
          "file": "",
          "beforeHooks": [],
          "afterHooks": [],
          "tests": [
            {
              "title": "Verifica se contém um elemento `h1` com o id `title` com o título correto",
              "fullTitle": "1 - Adicione à página o título \"Paleta de Cores\". Verifica se contém um elemento `h1` com o id `title` com o título correto",
              "timedOut": null,
              "duration": 960,
              "state": "passed",
              "speed": "slow",
              "pass": true,
              "fail": false,
              "pending": false,
              "context": null,
              "code": "cy.get('h1#title').should('contain.text', 'Paleta de Cores');",
              "err": {},
              "uuid": "5dc424fa-d2ef-4a5e-b79d-0e4bb4dea4e8",
              "parentUUID": "5fd091c3-79ae-461f-8858-3d69cba5196e",
              "isHook": false,
              "skipped": false
            }
          ],
          "suites": [],
          "passes": [
            "5dc424fa-d2ef-4a5e-b79d-0e4bb4dea4e8"
          ],
          "failures": [],
          "pending": [],
          "skipped": [],
          "duration": 960,
          "root": false,
          "rootEmpty": false,
          "_timeout": 2000
        },
        {
          "uuid": "ed845f42-1860-4c16-8450-92f307b1f9c8",
          "title": "2 - Adicione à página uma paleta de quatro cores distintas.",
          "fullFile": "",
          "file": "",
          "beforeHooks": [],
          "afterHooks": [],
          "tests": [
            {
              "title": "A paleta de cores deve ser um elemento com `id` denominado `color-palette` e ter mais de 0px de altura e de largura.",
              "fullTitle": "2 - Adicione à página uma paleta de quatro cores distintas. A paleta de cores deve ser um elemento com `id` denominado `color-palette` e ter mais de 0px de altura e de largura.",
              "timedOut": null,
              "duration": 1307,
              "state": "passed",
              "speed": "slow",
              "pass": true,
              "fail": false,
              "pending": false,
              "context": null,
              "code": "cy.get('#color-palette').should('be.visible');\ncy.get('#color-palette').children('.color');",
              "err": {},
              "uuid": "caca4872-8dff-4b1e-ab13-4000e1908236",
              "parentUUID": "ed845f42-1860-4c16-8450-92f307b1f9c8",
              "isHook": false,
              "skipped": false
            },
            {
              "title": "Verifica se cada cor individual da paleta de cores possui a `classe` chamada `color`.",
              "fullTitle": "2 - Adicione à página uma paleta de quatro cores distintas. Verifica se cada cor individual da paleta de cores possui a `classe` chamada `color`.",
              "timedOut": null,
              "duration": 1190,
              "state": "passed",
              "speed": "slow",
              "pass": true,
              "fail": false,
              "pending": false,
              "context": null,
              "code": "cy.get('.color').should('have.length', 4).then(function (colors) {\n  for (var i = 0; i < colors.length; i++) {\n    cy.wrap(colors[i]).should('be.visible');\n  }\n});",
              "err": {},
              "uuid": "5744b099-0c8c-4002-9bee-8bbe580709f1",
              "parentUUID": "ed845f42-1860-4c16-8450-92f307b1f9c8",
              "isHook": false,
              "skipped": false
            },
            {
              "title": "Verifica se a cor de fundo de cada elemento da paleta é a cor que o elemento representa. **A única cor não permitida na paleta é a cor branca.**",
              "fullTitle": "2 - Adicione à página uma paleta de quatro cores distintas. Verifica se a cor de fundo de cada elemento da paleta é a cor que o elemento representa. **A única cor não permitida na paleta é a cor branca.**",
              "timedOut": null,
              "duration": 955,
              "state": "passed",
              "speed": "slow",
              "pass": true,
              "fail": false,
              "pending": false,
              "context": null,
              "code": "cy.get('.color').each(function (color) {\n  cy.wrap(color).should('have.class', 'color').and('not.have.css', 'background-color', WHITE);\n  cy.wrap(color).should('have.css', 'background-color');\n});",
              "err": {},
              "uuid": "af2aae96-a300-408b-a34b-0c0de2881ff5",
              "parentUUID": "ed845f42-1860-4c16-8450-92f307b1f9c8",
              "isHook": false,
              "skipped": false
            },
            {
              "title": "Verifica se cada elemento da paleta de cores tem uma borda preta, sólida e com 1 pixel de largura;",
              "fullTitle": "2 - Adicione à página uma paleta de quatro cores distintas. Verifica se cada elemento da paleta de cores tem uma borda preta, sólida e com 1 pixel de largura;",
              "timedOut": null,
              "duration": 809,
              "state": "passed",
              "speed": "slow",
              "pass": true,
              "fail": false,
              "pending": false,
              "context": null,
              "code": "cy.get('.color').each(function (color) {\n  cy.wrap(color).and('have.css', 'border', \"1px solid \".concat(BLACK)).and('have.class', 'color');\n});",
              "err": {},
              "uuid": "0afe0d54-485d-45f3-9f84-304d69da8fbb",
              "parentUUID": "ed845f42-1860-4c16-8450-92f307b1f9c8",
              "isHook": false,
              "skipped": false
            },
            {
              "title": "Verifica se a paleta lista todas as cores disponíveis para utilização, lado a lado.",
              "fullTitle": "2 - Adicione à página uma paleta de quatro cores distintas. Verifica se a paleta lista todas as cores disponíveis para utilização, lado a lado.",
              "timedOut": null,
              "duration": 684,
              "state": "passed",
              "speed": "slow",
              "pass": true,
              "fail": false,
              "pending": false,
              "context": null,
              "code": "cy.get('.color').then(function (colors) {\n  for (var index = 1; index < colors.length; index += 1) {\n    var currentColor = colors[index];\n    var previousColor = colors[index - 1];\n    cy.wrap(currentColor).should('be.onTheRightOf', previousColor).and('be.horizontallyAlignedWith', previousColor);\n  }\n});",
              "err": {},
              "uuid": "cb8e5b40-76a1-4237-8ab8-8bdeb96fa720",
              "parentUUID": "ed845f42-1860-4c16-8450-92f307b1f9c8",
              "isHook": false,
              "skipped": false
            },
            {
              "title": "Verifica se a paleta de cores está posicionada abaixo do título 'Paleta de Cores'",
              "fullTitle": "2 - Adicione à página uma paleta de quatro cores distintas. Verifica se a paleta de cores está posicionada abaixo do título 'Paleta de Cores'",
              "timedOut": null,
              "duration": 691,
              "state": "passed",
              "speed": "slow",
              "pass": true,
              "fail": false,
              "pending": false,
              "context": null,
              "code": "cy.get('h1#title').then(function (title) {\n  cy.get('#color-palette').should('be.belowOf', title);\n});",
              "err": {},
              "uuid": "d7ea037d-56b5-4934-846f-78feae375d96",
              "parentUUID": "ed845f42-1860-4c16-8450-92f307b1f9c8",
              "isHook": false,
              "skipped": false
            },
            {
              "title": "Verifica se a paleta de cores não contém cores repetidas.",
              "fullTitle": "2 - Adicione à página uma paleta de quatro cores distintas. Verifica se a paleta de cores não contém cores repetidas.",
              "timedOut": null,
              "duration": 596,
              "state": "passed",
              "speed": "slow",
              "pass": true,
              "fail": false,
              "pending": false,
              "context": null,
              "code": "cy.get('.color').then(function (colors) {\n  var allColors = Array.from(colors).map(function (color) {\n    return Cypress.$(color).css('background-color');\n  });\n  cy.log(allColors);\n  var uniqColors = (0, _toConsumableArray2[\"default\"])(new Set(allColors));\n  cy.log(uniqColors);\n  expect(allColors.length).to.eq(uniqColors.length);\n});",
              "err": {},
              "uuid": "b6553822-68b2-4f2f-9132-d0d6d9492f28",
              "parentUUID": "ed845f42-1860-4c16-8450-92f307b1f9c8",
              "isHook": false,
              "skipped": false
            }
          ],
          "suites": [],
          "passes": [
            "caca4872-8dff-4b1e-ab13-4000e1908236",
            "5744b099-0c8c-4002-9bee-8bbe580709f1",
            "af2aae96-a300-408b-a34b-0c0de2881ff5",
            "0afe0d54-485d-45f3-9f84-304d69da8fbb",
            "cb8e5b40-76a1-4237-8ab8-8bdeb96fa720",
            "d7ea037d-56b5-4934-846f-78feae375d96",
            "b6553822-68b2-4f2f-9132-d0d6d9492f28"
          ],
          "failures": [],
          "pending": [],
          "skipped": [],
          "duration": 6232,
          "root": false,
          "rootEmpty": false,
          "_timeout": 2000
        },
        {
          "uuid": "0c14e0d9-1d8c-40e2-93ed-daebea740fbb",
          "title": "3 - Adicione a cor **preta** como a primeira cor da paleta de cores.",
          "fullFile": "",
          "file": "",
          "beforeHooks": [],
          "afterHooks": [],
          "tests": [
            {
              "title": "Verifica se a primeira cor da paleta é preta",
              "fullTitle": "3 - Adicione a cor **preta** como a primeira cor da paleta de cores. Verifica se a primeira cor da paleta é preta",
              "timedOut": null,
              "duration": 577,
              "state": "passed",
              "speed": "slow",
              "pass": true,
              "fail": false,
              "pending": false,
              "context": null,
              "code": "cy.get('.color').first().should('have.css', 'background-color', BLACK);",
              "err": {},
              "uuid": "242c9601-879c-4293-bc4e-fcb30bce7a4f",
              "parentUUID": "0c14e0d9-1d8c-40e2-93ed-daebea740fbb",
              "isHook": false,
              "skipped": false
            },
            {
              "title": "Verifica se as demais cores podem ser escolhidas livremente.",
              "fullTitle": "3 - Adicione a cor **preta** como a primeira cor da paleta de cores. Verifica se as demais cores podem ser escolhidas livremente.",
              "timedOut": null,
              "duration": 1136,
              "state": "passed",
              "speed": "slow",
              "pass": true,
              "fail": false,
              "pending": false,
              "context": null,
              "code": "cy.get('.color').eq(1).should('not.have.css', 'background-color', BLACK);\ncy.get('.color').eq(1).should('not.have.css', 'background-color', WHITE);\ncy.get('.color').eq(1).should('not.have.css', 'background-color', 'rgba(0, 0, 0, 0)');\ncy.get('.color').eq(1).should('have.css', 'background-color');\ncy.get('.color').eq(2).should('not.have.css', 'background-color', BLACK);\ncy.get('.color').eq(2).should('not.have.css', 'background-color', WHITE);\ncy.get('.color').eq(2).should('not.have.css', 'background-color', 'rgba(0, 0, 0, 0)');\ncy.get('.color').eq(2).should('have.css', 'background-color');\ncy.get('.color').eq(3).should('not.have.css', 'background-color', BLACK);\ncy.get('.color').eq(3).should('not.have.css', 'background-color', WHITE);\ncy.get('.color').eq(3).should('not.have.css', 'background-color', 'rgba(0, 0, 0, 0)');\ncy.get('.color').eq(3).should('have.css', 'background-color');",
              "err": {},
              "uuid": "bc15656a-3b90-4155-8c7a-6a85e8e45d69",
              "parentUUID": "0c14e0d9-1d8c-40e2-93ed-daebea740fbb",
              "isHook": false,
              "skipped": false
            }
          ],
          "suites": [],
          "passes": [
            "242c9601-879c-4293-bc4e-fcb30bce7a4f",
            "bc15656a-3b90-4155-8c7a-6a85e8e45d69"
          ],
          "failures": [],
          "pending": [],
          "skipped": [],
          "duration": 1713,
          "root": false,
          "rootEmpty": false,
          "_timeout": 2000
        },
        {
          "uuid": "b51be3ea-6a68-4580-8bbb-159634d3e241",
          "title": "4 - Adicione à página um quadro de pixels, com 25 pixels.",
          "fullFile": "",
          "file": "",
          "beforeHooks": [],
          "afterHooks": [],
          "tests": [
            {
              "title": "Verifica se o quadro de pixels possui o `id` denominado `pixel-board`",
              "fullTitle": "4 - Adicione à página um quadro de pixels, com 25 pixels. Verifica se o quadro de pixels possui o `id` denominado `pixel-board`",
              "timedOut": null,
              "duration": 652,
              "state": "passed",
              "speed": "slow",
              "pass": true,
              "fail": false,
              "pending": false,
              "context": null,
              "code": "cy.get('#pixel-board').should('be.visible');",
              "err": {},
              "uuid": "2645cb39-2fcc-4e58-82cd-2983c4461462",
              "parentUUID": "b51be3ea-6a68-4580-8bbb-159634d3e241",
              "isHook": false,
              "skipped": false
            },
            {
              "title": "Verifica se cada pixel individual dentro do quadro possui a `classe` denominada `pixel`.",
              "fullTitle": "4 - Adicione à página um quadro de pixels, com 25 pixels. Verifica se cada pixel individual dentro do quadro possui a `classe` denominada `pixel`.",
              "timedOut": null,
              "duration": 980,
              "state": "passed",
              "speed": "slow",
              "pass": true,
              "fail": false,
              "pending": false,
              "context": null,
              "code": "cy.get('.pixel').should('have.length', 25);",
              "err": {},
              "uuid": "871dfd12-8a99-487a-af81-f89102cf26df",
              "parentUUID": "b51be3ea-6a68-4580-8bbb-159634d3e241",
              "isHook": false,
              "skipped": false
            },
            {
              "title": "Verifica se a cor inicial dos pixels dentro do quadro, ao abrir a página, é branca.",
              "fullTitle": "4 - Adicione à página um quadro de pixels, com 25 pixels. Verifica se a cor inicial dos pixels dentro do quadro, ao abrir a página, é branca.",
              "timedOut": null,
              "duration": 1087,
              "state": "passed",
              "speed": "slow",
              "pass": true,
              "fail": false,
              "pending": false,
              "context": null,
              "code": "cy.get('.pixel').should('have.length', 25).each(function (pixel) {\n  expect(pixel).to.have.css('background-color', WHITE);\n});",
              "err": {},
              "uuid": "481c2581-06c5-472c-baf9-619faa20b173",
              "parentUUID": "b51be3ea-6a68-4580-8bbb-159634d3e241",
              "isHook": false,
              "skipped": false
            },
            {
              "title": "Verifica se o quadro de pixels aparece abaixo da paleta de cores",
              "fullTitle": "4 - Adicione à página um quadro de pixels, com 25 pixels. Verifica se o quadro de pixels aparece abaixo da paleta de cores",
              "timedOut": null,
              "duration": 628,
              "state": "passed",
              "speed": "slow",
              "pass": true,
              "fail": false,
              "pending": false,
              "context": null,
              "code": "cy.get('#color-palette').then(function (palette) {\n  cy.get('#pixel-board').should('be.belowOf', palette);\n});",
              "err": {},
              "uuid": "90f03af0-625b-4d44-b21a-a13a62a440b7",
              "parentUUID": "b51be3ea-6a68-4580-8bbb-159634d3e241",
              "isHook": false,
              "skipped": false
            }
          ],
          "suites": [],
          "passes": [
            "2645cb39-2fcc-4e58-82cd-2983c4461462",
            "871dfd12-8a99-487a-af81-f89102cf26df",
            "481c2581-06c5-472c-baf9-619faa20b173",
            "90f03af0-625b-4d44-b21a-a13a62a440b7"
          ],
          "failures": [],
          "pending": [],
          "skipped": [],
          "duration": 3347,
          "root": false,
          "rootEmpty": false,
          "_timeout": 2000
        },
        {
          "uuid": "a1e4ec71-98c2-4118-aaaa-4034d9dbb471",
          "title": "5 - Faça com que cada elemento do quadro de pixels possua 40 pixels de largura, 40 pixels de altura e seja delimitado por uma borda preta de 1 pixel.",
          "fullFile": "",
          "file": "",
          "beforeHooks": [],
          "afterHooks": [],
          "tests": [
            {
              "title": "Verifica se o quadro de pixels tem altura e comprimento de 5 elementos",
              "fullTitle": "5 - Faça com que cada elemento do quadro de pixels possua 40 pixels de largura, 40 pixels de altura e seja delimitado por uma borda preta de 1 pixel. Verifica se o quadro de pixels tem altura e comprimento de 5 elementos",
              "timedOut": null,
              "duration": 1610,
              "state": "passed",
              "speed": "slow",
              "pass": true,
              "fail": false,
              "pending": false,
              "context": null,
              "code": "cy.get('.pixel').should('have.length', 25).each(function (pixel) {\n  expect(pixel).to.have.css('background-color', WHITE);\n}).and(function (pixels) {\n  var rows = chunk(pixels, 5);\n  rows.forEach(function (row) {\n    for (var index = 1; index < row.length; index += 1) {\n      var current = pixels[index];\n      var previous = pixels[index - 1];\n      cy.wrap(current).should('be.onTheRightOf', previous).and('be.horizontallyAlignedWith', previous);\n    }\n  });\n  for (var index = 1; index < 5; index += 1) {\n    expect(pixels[index * 5]).to.be.belowOf(pixels[(index - 1) * 5]);\n  }\n});",
              "err": {},
              "uuid": "376786bb-0588-44a5-be12-2507378ecbfe",
              "parentUUID": "a1e4ec71-98c2-4118-aaaa-4034d9dbb471",
              "isHook": false,
              "skipped": false
            },
            {
              "title": "Verifica se 40 pixels é o tamanho total do elemento, incluindo seu conteúdo e excluindo a borda preta, que deve ser criada à parte.",
              "fullTitle": "5 - Faça com que cada elemento do quadro de pixels possua 40 pixels de largura, 40 pixels de altura e seja delimitado por uma borda preta de 1 pixel. Verifica se 40 pixels é o tamanho total do elemento, incluindo seu conteúdo e excluindo a borda preta, que deve ser criada à parte.",
              "timedOut": null,
              "duration": 1414,
              "state": "passed",
              "speed": "slow",
              "pass": true,
              "fail": false,
              "pending": false,
              "context": null,
              "code": "cy.get('.pixel').each(function (pixel) {\n  cy.wrap(pixel).should('have.css', 'height', '40px').and('have.css', 'width', '40px').and('have.css', 'border', \"1px solid \".concat(BLACK));\n});",
              "err": {},
              "uuid": "ed743e2c-4652-40db-bdcb-d196ff3406ad",
              "parentUUID": "a1e4ec71-98c2-4118-aaaa-4034d9dbb471",
              "isHook": false,
              "skipped": false
            }
          ],
          "suites": [],
          "passes": [
            "376786bb-0588-44a5-be12-2507378ecbfe",
            "ed743e2c-4652-40db-bdcb-d196ff3406ad"
          ],
          "failures": [],
          "pending": [],
          "skipped": [],
          "duration": 3024,
          "root": false,
          "rootEmpty": false,
          "_timeout": 2000
        },
        {
          "uuid": "a7aa967b-c09c-4662-ba43-e1a6dccba3af",
          "title": "6 - Defina a cor preta como cor inicial. Ao carregar a página a cor preta já deve estar selecionada para pintar os pixels",
          "fullFile": "",
          "file": "",
          "beforeHooks": [],
          "afterHooks": [],
          "tests": [
            {
              "title": "Verifica se o elemento da cor preta possui, inicialmente, a `classe` `selected`",
              "fullTitle": "6 - Defina a cor preta como cor inicial. Ao carregar a página a cor preta já deve estar selecionada para pintar os pixels Verifica se o elemento da cor preta possui, inicialmente, a `classe` `selected`",
              "timedOut": null,
              "duration": 944,
              "state": "passed",
              "speed": "slow",
              "pass": true,
              "fail": false,
              "pending": false,
              "context": null,
              "code": "cy.get('.selected').first().should('have.css', 'background-color', BLACK);",
              "err": {},
              "uuid": "2a5112d5-8b38-4f36-8ebc-69549c2abe3e",
              "parentUUID": "a7aa967b-c09c-4662-ba43-e1a6dccba3af",
              "isHook": false,
              "skipped": false
            },
            {
              "title": "Verifica se nenhuma outra cor da paleta tem a `classe` `selected`",
              "fullTitle": "6 - Defina a cor preta como cor inicial. Ao carregar a página a cor preta já deve estar selecionada para pintar os pixels Verifica se nenhuma outra cor da paleta tem a `classe` `selected`",
              "timedOut": null,
              "duration": 749,
              "state": "passed",
              "speed": "slow",
              "pass": true,
              "fail": false,
              "pending": false,
              "context": null,
              "code": "cy.get('.color:not(:first-child)').each(function (color) {\n  cy.wrap(color).should('not.have.class', 'selected');\n});",
              "err": {},
              "uuid": "80def9cf-8308-45df-b415-d4f2b8f2faa0",
              "parentUUID": "a7aa967b-c09c-4662-ba43-e1a6dccba3af",
              "isHook": false,
              "skipped": false
            }
          ],
          "suites": [],
          "passes": [
            "2a5112d5-8b38-4f36-8ebc-69549c2abe3e",
            "80def9cf-8308-45df-b415-d4f2b8f2faa0"
          ],
          "failures": [],
          "pending": [],
          "skipped": [],
          "duration": 1693,
          "root": false,
          "rootEmpty": false,
          "_timeout": 2000
        },
        {
          "uuid": "ee40650a-0699-4586-96df-a1445113e17b",
          "title": "7 - Clicar em uma das cores da paleta, faz com que ela seja selecionada e utilizada para preencher os pixels no quadro.",
          "fullFile": "",
          "file": "",
          "beforeHooks": [],
          "afterHooks": [],
          "tests": [
            {
              "title": "Verifica se somente uma cor da paleta de cores tem a classe `selected` de cada vez",
              "fullTitle": "7 - Clicar em uma das cores da paleta, faz com que ela seja selecionada e utilizada para preencher os pixels no quadro. Verifica se somente uma cor da paleta de cores tem a classe `selected` de cada vez",
              "timedOut": null,
              "duration": 1401,
              "state": "passed",
              "speed": "slow",
              "pass": true,
              "fail": false,
              "pending": false,
              "context": null,
              "code": "cy.get('.color').each(function (selectedColor, selectedColorIndex) {\n  cy.wrap(selectedColor).click();\n  cy.get('.color').each(function (color, colorIndex) {\n    if (colorIndex === selectedColorIndex) {\n      expect(color).to.have[\"class\"]('selected');\n    } else {\n      expect(color).not.to.have[\"class\"]('selected');\n    }\n  });\n});",
              "err": {},
              "uuid": "e8d81be4-5cc3-431d-b87e-0cd196c70859",
              "parentUUID": "ee40650a-0699-4586-96df-a1445113e17b",
              "isHook": false,
              "skipped": false
            },
            {
              "title": "Verifica se os pixels dentro do quadro não têm a classe `selected` quando são clicados",
              "fullTitle": "7 - Clicar em uma das cores da paleta, faz com que ela seja selecionada e utilizada para preencher os pixels no quadro. Verifica se os pixels dentro do quadro não têm a classe `selected` quando são clicados",
              "timedOut": null,
              "duration": 12886,
              "state": "passed",
              "speed": "slow",
              "pass": true,
              "fail": false,
              "pending": false,
              "context": null,
              "code": "cy.get('.color').each(function (color) {\n  var backgroundColor = color.css('background-color');\n  cy.wrap(color).click();\n  cy.get('.pixel').each(function (pixel) {\n    cy.wrap(pixel).click().should('not.have.class', 'selected');\n  });\n});",
              "err": {},
              "uuid": "1c496c03-a286-487c-8ebe-16183e217977",
              "parentUUID": "ee40650a-0699-4586-96df-a1445113e17b",
              "isHook": false,
              "skipped": false
            }
          ],
          "suites": [],
          "passes": [
            "e8d81be4-5cc3-431d-b87e-0cd196c70859",
            "1c496c03-a286-487c-8ebe-16183e217977"
          ],
          "failures": [],
          "pending": [],
          "skipped": [],
          "duration": 14287,
          "root": false,
          "rootEmpty": false,
          "_timeout": 2000
        },
        {
          "uuid": "54e9741c-11e1-4061-848e-c8fddea6fa8f",
          "title": "8 - Clicar em um pixel dentro do quadro após selecionar uma cor na paleta, faz com que o pixel seja preenchido com a cor selecionada.",
          "fullFile": "",
          "file": "",
          "beforeHooks": [],
          "afterHooks": [],
          "tests": [
            {
              "title": "Verifica se ao carregar a página deve ser possível pintar os pixels de preto",
              "fullTitle": "8 - Clicar em um pixel dentro do quadro após selecionar uma cor na paleta, faz com que o pixel seja preenchido com a cor selecionada. Verifica se ao carregar a página deve ser possível pintar os pixels de preto",
              "timedOut": null,
              "duration": 5567,
              "state": "failed",
              "speed": null,
              "pass": false,
              "fail": true,
              "pending": false,
              "context": null,
              "code": "cy.get('.pixel').each(function (pixel) {\n  cy.wrap(pixel).click().should('have.css', 'background-color', BLACK);\n});",
              "err": {
                "message": "CypressError: Timed out retrying: expected '<div.pixel>' to have CSS property 'background-color' with the value 'rgb(0, 0, 0)', but the value was 'rgb(255, 255, 255)'",
                "estack": "CypressError: Timed out retrying: expected '<div.pixel>' to have CSS property 'background-color' with the value 'rgb(0, 0, 0)', but the value was 'rgb(255, 255, 255)'\n    at cypressErr (http://localhost:39351/__cypress/runner/cypress_runner.js:149934:9)\n    at throwErr (http://localhost:39351/__cypress/runner/cypress_runner.js:149867:11)\n    at Object.throwErrByPath (http://localhost:39351/__cypress/runner/cypress_runner.js:149915:3)\n    at retry (http://localhost:39351/__cypress/runner/cypress_runner.js:144197:19)\n    at onFailFn (http://localhost:39351/__cypress/runner/cypress_runner.js:132448:16)\n    at tryCatcher (http://localhost:39351/__cypress/runner/cypress_runner.js:167415:23)\n    at Promise._settlePromiseFromHandler (http://localhost:39351/__cypress/runner/cypress_runner.js:165351:31)\n    at Promise._settlePromise (http://localhost:39351/__cypress/runner/cypress_runner.js:165408:18)\n    at Promise._settlePromise0 (http://localhost:39351/__cypress/runner/cypress_runner.js:165453:10)\n    at Promise._settlePromises (http://localhost:39351/__cypress/runner/cypress_runner.js:165528:18)\n    at Async../node_modules/bluebird/js/release/async.js.Async._drainQueue (http://localhost:39351/__cypress/runner/cypress_runner.js:162140:16)\n    at Async../node_modules/bluebird/js/release/async.js.Async._drainQueues (http://localhost:39351/__cypress/runner/cypress_runner.js:162150:10)\n    at Async.drainQueues (http://localhost:39351/__cypress/runner/cypress_runner.js:162024:14)",
                "diff": null
              },
              "uuid": "04f8cce7-3454-466e-a704-ddb22c400c66",
              "parentUUID": "54e9741c-11e1-4061-848e-c8fddea6fa8f",
              "isHook": false,
              "skipped": false
            },
            {
              "title": "Verifica se após selecionar uma outra cor na paleta, é possível pintar os pixels com essa cor",
              "fullTitle": "8 - Clicar em um pixel dentro do quadro após selecionar uma cor na paleta, faz com que o pixel seja preenchido com a cor selecionada. Verifica se após selecionar uma outra cor na paleta, é possível pintar os pixels com essa cor",
              "timedOut": null,
              "duration": 5916,
              "state": "failed",
              "speed": null,
              "pass": false,
              "fail": true,
              "pending": false,
              "context": null,
              "code": "cy.get('.color').each(function (color) {\n  var backgroundColor = color.css('background-color');\n  cy.wrap(color).click();\n  cy.get('.pixel').each(function (pixel) {\n    cy.wrap(pixel).click().should('have.css', 'background-color', backgroundColor);\n  });\n});",
              "err": {
                "message": "CypressError: Timed out retrying: expected '<div.pixel>' to have CSS property 'background-color' with the value 'rgb(0, 0, 0)', but the value was 'rgb(255, 255, 255)'",
                "estack": "CypressError: Timed out retrying: expected '<div.pixel>' to have CSS property 'background-color' with the value 'rgb(0, 0, 0)', but the value was 'rgb(255, 255, 255)'\n    at cypressErr (http://localhost:39351/__cypress/runner/cypress_runner.js:149934:9)\n    at throwErr (http://localhost:39351/__cypress/runner/cypress_runner.js:149867:11)\n    at Object.throwErrByPath (http://localhost:39351/__cypress/runner/cypress_runner.js:149915:3)\n    at retry (http://localhost:39351/__cypress/runner/cypress_runner.js:144197:19)\n    at onFailFn (http://localhost:39351/__cypress/runner/cypress_runner.js:132448:16)\n    at tryCatcher (http://localhost:39351/__cypress/runner/cypress_runner.js:167415:23)\n    at Promise._settlePromiseFromHandler (http://localhost:39351/__cypress/runner/cypress_runner.js:165351:31)\n    at Promise._settlePromise (http://localhost:39351/__cypress/runner/cypress_runner.js:165408:18)\n    at Promise._settlePromise0 (http://localhost:39351/__cypress/runner/cypress_runner.js:165453:10)\n    at Promise._settlePromises (http://localhost:39351/__cypress/runner/cypress_runner.js:165528:18)\n    at Async../node_modules/bluebird/js/release/async.js.Async._drainQueue (http://localhost:39351/__cypress/runner/cypress_runner.js:162140:16)\n    at Async../node_modules/bluebird/js/release/async.js.Async._drainQueues (http://localhost:39351/__cypress/runner/cypress_runner.js:162150:10)\n    at Async.drainQueues (http://localhost:39351/__cypress/runner/cypress_runner.js:162024:14)",
                "diff": null
              },
              "uuid": "4faa3265-7bb6-4fa0-8fe3-8d4a62993b76",
              "parentUUID": "54e9741c-11e1-4061-848e-c8fddea6fa8f",
              "isHook": false,
              "skipped": false
            },
            {
              "title": "Verifica se somente o pixel que foi clicado foi preenchido com a cor selecionada, sem influenciar na cor dos demais pixels.",
              "fullTitle": "8 - Clicar em um pixel dentro do quadro após selecionar uma cor na paleta, faz com que o pixel seja preenchido com a cor selecionada. Verifica se somente o pixel que foi clicado foi preenchido com a cor selecionada, sem influenciar na cor dos demais pixels.",
              "timedOut": null,
              "duration": 5149,
              "state": "passed",
              "speed": "slow",
              "pass": true,
              "fail": false,
              "pending": false,
              "context": null,
              "code": "var colorToPixelIndexMap = {\n  0: 6,\n  1: 8,\n  2: 16,\n  3: 18\n};\ncy.get('.color').each(function (color, index) {\n  cy.wrap(color).click();\n  var backgroundColor = color.css('background-color');\n  var clickedPixelIndex = colorToPixelIndexMap[index];\n  cy.get('.pixel').eq(clickedPixelIndex).click();\n  cy.get('.pixel').eq(clickedPixelIndex - 1).should('not.have.css', 'background-color', backgroundColor);\n  cy.get('.pixel').eq(clickedPixelIndex + 1).should('not.have.css', 'background-color', backgroundColor);\n  cy.get('.pixel').eq(clickedPixelIndex - 5).should('not.have.css', 'background-color', backgroundColor);\n  cy.get('.pixel').eq(clickedPixelIndex + 5).should('not.have.css', 'background-color', backgroundColor);\n  cy.get('.pixel').eq(clickedPixelIndex - 6).should('not.have.css', 'background-color', backgroundColor);\n  cy.get('.pixel').eq(clickedPixelIndex - 4).should('not.have.css', 'background-color', backgroundColor);\n  cy.get('.pixel').eq(clickedPixelIndex + 4).should('not.have.css', 'background-color', backgroundColor);\n  cy.get('.pixel').eq(clickedPixelIndex + 6).should('not.have.css', 'background-color', backgroundColor);\n});",
              "err": {},
              "uuid": "1197ec2c-e846-48b9-8368-0c74f7275f3e",
              "parentUUID": "54e9741c-11e1-4061-848e-c8fddea6fa8f",
              "isHook": false,
              "skipped": false
            }
          ],
          "suites": [],
          "passes": [
            "1197ec2c-e846-48b9-8368-0c74f7275f3e"
          ],
          "failures": [
            "04f8cce7-3454-466e-a704-ddb22c400c66",
            "4faa3265-7bb6-4fa0-8fe3-8d4a62993b76"
          ],
          "pending": [],
          "skipped": [],
          "duration": 16632,
          "root": false,
          "rootEmpty": false,
          "_timeout": 2000
        },
        {
          "uuid": "0df45607-c259-4b6e-bfdd-c344bdbb06a4",
          "title": "9 - Crie um botão que, ao ser clicado, limpa o quadro preenchendo a cor de todos seus pixels com branco.",
          "fullFile": "",
          "file": "",
          "beforeHooks": [],
          "afterHooks": [],
          "tests": [
            {
              "title": "Verifica se o botão tem o `id` denominado `clear-board`",
              "fullTitle": "9 - Crie um botão que, ao ser clicado, limpa o quadro preenchendo a cor de todos seus pixels com branco. Verifica se o botão tem o `id` denominado `clear-board`",
              "timedOut": null,
              "duration": 760,
              "state": "passed",
              "speed": "slow",
              "pass": true,
              "fail": false,
              "pending": false,
              "context": null,
              "code": "cy.get('#clear-board').should('be.visible');",
              "err": {},
              "uuid": "b8c293a4-56e9-401e-9c8e-312f14ca0fb9",
              "parentUUID": "0df45607-c259-4b6e-bfdd-c344bdbb06a4",
              "isHook": false,
              "skipped": false
            },
            {
              "title": "Verifica se o botão está posicionado entre a paleta de cores e o quadro de pixels",
              "fullTitle": "9 - Crie um botão que, ao ser clicado, limpa o quadro preenchendo a cor de todos seus pixels com branco. Verifica se o botão está posicionado entre a paleta de cores e o quadro de pixels",
              "timedOut": null,
              "duration": 635,
              "state": "passed",
              "speed": "slow",
              "pass": true,
              "fail": false,
              "pending": false,
              "context": null,
              "code": "cy.get('#color-palette').then(function (palette) {\n  cy.get('#clear-board').should('be.belowOf', palette);\n});\ncy.get('#clear-board').then(function (clearBtn) {\n  cy.get('#pixel-board').should('be.belowOf', clearBtn);\n});",
              "err": {},
              "uuid": "0cc01699-763b-4d2f-a39f-5e78fae9d37d",
              "parentUUID": "0df45607-c259-4b6e-bfdd-c344bdbb06a4",
              "isHook": false,
              "skipped": false
            },
            {
              "title": "Verifica se o texto do botão é 'Limpar'",
              "fullTitle": "9 - Crie um botão que, ao ser clicado, limpa o quadro preenchendo a cor de todos seus pixels com branco. Verifica se o texto do botão é 'Limpar'",
              "timedOut": null,
              "duration": 488,
              "state": "passed",
              "speed": "slow",
              "pass": true,
              "fail": false,
              "pending": false,
              "context": null,
              "code": "cy.get('#clear-board').should('contain.text', 'Limpar');",
              "err": {},
              "uuid": "d2eaecaf-9b20-467a-9d6b-81edd6e6a1d2",
              "parentUUID": "0df45607-c259-4b6e-bfdd-c344bdbb06a4",
              "isHook": false,
              "skipped": false
            },
            {
              "title": "Verifica se ao clicar no botão, o quadro de pixels é totalmente preenchido de branco",
              "fullTitle": "9 - Crie um botão que, ao ser clicado, limpa o quadro preenchendo a cor de todos seus pixels com branco. Verifica se ao clicar no botão, o quadro de pixels é totalmente preenchido de branco",
              "timedOut": null,
              "duration": 5450,
              "state": "failed",
              "speed": null,
              "pass": false,
              "fail": true,
              "pending": false,
              "context": null,
              "code": "cy.get('.color').eq(1).then(function (color) {\n  var backgroundColor = color.css('background-color');\n  cy.wrap(color).click();\n  cy.get('.pixel').each(function (pixel) {\n    cy.wrap(pixel).click().should('have.css', 'background-color', backgroundColor);\n  });\n});\ncy.get('#clear-board').click();\ncy.get('.pixel').each(function (pixel) {\n  cy.wrap(pixel).should('have.css', 'background-color', WHITE);\n});",
              "err": {
                "message": "CypressError: Timed out retrying: expected '<div.pixel>' to have CSS property 'background-color' with the value 'rgb(255, 203, 119)', but the value was 'rgb(255, 255, 255)'",
                "estack": "CypressError: Timed out retrying: expected '<div.pixel>' to have CSS property 'background-color' with the value 'rgb(255, 203, 119)', but the value was 'rgb(255, 255, 255)'\n    at cypressErr (http://localhost:39351/__cypress/runner/cypress_runner.js:149934:9)\n    at throwErr (http://localhost:39351/__cypress/runner/cypress_runner.js:149867:11)\n    at Object.throwErrByPath (http://localhost:39351/__cypress/runner/cypress_runner.js:149915:3)\n    at retry (http://localhost:39351/__cypress/runner/cypress_runner.js:144197:19)\n    at onFailFn (http://localhost:39351/__cypress/runner/cypress_runner.js:132448:16)\n    at tryCatcher (http://localhost:39351/__cypress/runner/cypress_runner.js:167415:23)\n    at Promise._settlePromiseFromHandler (http://localhost:39351/__cypress/runner/cypress_runner.js:165351:31)\n    at Promise._settlePromise (http://localhost:39351/__cypress/runner/cypress_runner.js:165408:18)\n    at Promise._settlePromise0 (http://localhost:39351/__cypress/runner/cypress_runner.js:165453:10)\n    at Promise._settlePromises (http://localhost:39351/__cypress/runner/cypress_runner.js:165528:18)\n    at Async../node_modules/bluebird/js/release/async.js.Async._drainQueue (http://localhost:39351/__cypress/runner/cypress_runner.js:162140:16)\n    at Async../node_modules/bluebird/js/release/async.js.Async._drainQueues (http://localhost:39351/__cypress/runner/cypress_runner.js:162150:10)\n    at Async.drainQueues (http://localhost:39351/__cypress/runner/cypress_runner.js:162024:14)",
                "diff": null
              },
              "uuid": "7166db1d-5fbf-4267-84ce-d940212a5282",
              "parentUUID": "0df45607-c259-4b6e-bfdd-c344bdbb06a4",
              "isHook": false,
              "skipped": false
            }
          ],
          "suites": [],
          "passes": [
            "b8c293a4-56e9-401e-9c8e-312f14ca0fb9",
            "0cc01699-763b-4d2f-a39f-5e78fae9d37d",
            "d2eaecaf-9b20-467a-9d6b-81edd6e6a1d2"
          ],
          "failures": [
            "7166db1d-5fbf-4267-84ce-d940212a5282"
          ],
          "pending": [],
          "skipped": [],
          "duration": 7333,
          "root": false,
          "rootEmpty": false,
          "_timeout": 2000
        },
        {
          "uuid": "fc30941d-2e47-4b0e-8cd3-f2e03284e7cb",
          "title": "10 - Faça o quadro de pixels ter seu tamanho definido pelo usuário.",
          "fullFile": "",
          "file": "",
          "beforeHooks": [],
          "afterHooks": [],
          "tests": [
            {
              "title": "Verifica se existe um input com o id `board-size`",
              "fullTitle": "10 - Faça o quadro de pixels ter seu tamanho definido pelo usuário. Verifica se existe um input com o id `board-size`",
              "timedOut": null,
              "duration": 5230,
              "state": "failed",
              "speed": null,
              "pass": false,
              "fail": true,
              "pending": false,
              "context": null,
              "code": "cy.get('#board-size').should('be.visible');",
              "err": {
                "message": "CypressError: Timed out retrying: Expected to find element: '#board-size', but never found it.",
                "estack": "CypressError: Timed out retrying: Expected to find element: '#board-size', but never found it.\n    at cypressErr (http://localhost:39351/__cypress/runner/cypress_runner.js:149934:9)\n    at throwErr (http://localhost:39351/__cypress/runner/cypress_runner.js:149867:11)\n    at Object.throwErrByPath (http://localhost:39351/__cypress/runner/cypress_runner.js:149915:3)\n    at retry (http://localhost:39351/__cypress/runner/cypress_runner.js:144197:19)\n    at onFailFn (http://localhost:39351/__cypress/runner/cypress_runner.js:132448:16)\n    at tryCatcher (http://localhost:39351/__cypress/runner/cypress_runner.js:167415:23)\n    at Promise._settlePromiseFromHandler (http://localhost:39351/__cypress/runner/cypress_runner.js:165351:31)\n    at Promise._settlePromise (http://localhost:39351/__cypress/runner/cypress_runner.js:165408:18)\n    at Promise._settlePromise0 (http://localhost:39351/__cypress/runner/cypress_runner.js:165453:10)\n    at Promise._settlePromises (http://localhost:39351/__cypress/runner/cypress_runner.js:165528:18)\n    at Async../node_modules/bluebird/js/release/async.js.Async._drainQueue (http://localhost:39351/__cypress/runner/cypress_runner.js:162140:16)\n    at Async../node_modules/bluebird/js/release/async.js.Async._drainQueues (http://localhost:39351/__cypress/runner/cypress_runner.js:162150:10)\n    at Async.drainQueues (http://localhost:39351/__cypress/runner/cypress_runner.js:162024:14)",
                "diff": null
              },
              "uuid": "372da661-a68b-47a2-b8d3-4b8e29fe32db",
              "parentUUID": "fc30941d-2e47-4b0e-8cd3-f2e03284e7cb",
              "isHook": false,
              "skipped": false
            },
            {
              "title": "Verifica se existe um botão com o id `generate-board`",
              "fullTitle": "10 - Faça o quadro de pixels ter seu tamanho definido pelo usuário. Verifica se existe um botão com o id `generate-board`",
              "timedOut": null,
              "duration": 5349,
              "state": "failed",
              "speed": null,
              "pass": false,
              "fail": true,
              "pending": false,
              "context": null,
              "code": "cy.get('#generate-board').should('be.visible');",
              "err": {
                "message": "CypressError: Timed out retrying: Expected to find element: '#generate-board', but never found it.",
                "estack": "CypressError: Timed out retrying: Expected to find element: '#generate-board', but never found it.\n    at cypressErr (http://localhost:39351/__cypress/runner/cypress_runner.js:149934:9)\n    at throwErr (http://localhost:39351/__cypress/runner/cypress_runner.js:149867:11)\n    at Object.throwErrByPath (http://localhost:39351/__cypress/runner/cypress_runner.js:149915:3)\n    at retry (http://localhost:39351/__cypress/runner/cypress_runner.js:144197:19)\n    at onFailFn (http://localhost:39351/__cypress/runner/cypress_runner.js:132448:16)\n    at tryCatcher (http://localhost:39351/__cypress/runner/cypress_runner.js:167415:23)\n    at Promise._settlePromiseFromHandler (http://localhost:39351/__cypress/runner/cypress_runner.js:165351:31)\n    at Promise._settlePromise (http://localhost:39351/__cypress/runner/cypress_runner.js:165408:18)\n    at Promise._settlePromise0 (http://localhost:39351/__cypress/runner/cypress_runner.js:165453:10)\n    at Promise._settlePromises (http://localhost:39351/__cypress/runner/cypress_runner.js:165528:18)\n    at Async../node_modules/bluebird/js/release/async.js.Async._drainQueue (http://localhost:39351/__cypress/runner/cypress_runner.js:162140:16)\n    at Async../node_modules/bluebird/js/release/async.js.Async._drainQueues (http://localhost:39351/__cypress/runner/cypress_runner.js:162150:10)\n    at Async.drainQueues (http://localhost:39351/__cypress/runner/cypress_runner.js:162024:14)",
                "diff": null
              },
              "uuid": "754e9a91-b0d8-4a1c-96a9-837a0f9cbe53",
              "parentUUID": "fc30941d-2e47-4b0e-8cd3-f2e03284e7cb",
              "isHook": false,
              "skipped": false
            },
            {
              "title": "Verifica se o input só aceita número maiores que zero. Essa restrição deve ser feita usando os atributos do elemento `input`",
              "fullTitle": "10 - Faça o quadro de pixels ter seu tamanho definido pelo usuário. Verifica se o input só aceita número maiores que zero. Essa restrição deve ser feita usando os atributos do elemento `input`",
              "timedOut": null,
              "duration": 5111,
              "state": "failed",
              "speed": null,
              "pass": false,
              "fail": true,
              "pending": false,
              "context": null,
              "code": "cy.get('#board-size[type=\\'number\\'][min=\\'1\\']');",
              "err": {
                "message": "CypressError: Timed out retrying: Expected to find element: '#board-size[type='number'][min='1']', but never found it.",
                "estack": "CypressError: Timed out retrying: Expected to find element: '#board-size[type='number'][min='1']', but never found it.\n    at cypressErr (http://localhost:39351/__cypress/runner/cypress_runner.js:149934:9)\n    at throwErr (http://localhost:39351/__cypress/runner/cypress_runner.js:149867:11)\n    at Object.throwErrByPath (http://localhost:39351/__cypress/runner/cypress_runner.js:149915:3)\n    at retry (http://localhost:39351/__cypress/runner/cypress_runner.js:144197:19)\n    at onFailFn (http://localhost:39351/__cypress/runner/cypress_runner.js:132448:16)\n    at tryCatcher (http://localhost:39351/__cypress/runner/cypress_runner.js:167415:23)\n    at Promise._settlePromiseFromHandler (http://localhost:39351/__cypress/runner/cypress_runner.js:165351:31)\n    at Promise._settlePromise (http://localhost:39351/__cypress/runner/cypress_runner.js:165408:18)\n    at Promise._settlePromise0 (http://localhost:39351/__cypress/runner/cypress_runner.js:165453:10)\n    at Promise._settlePromises (http://localhost:39351/__cypress/runner/cypress_runner.js:165528:18)\n    at Async../node_modules/bluebird/js/release/async.js.Async._drainQueue (http://localhost:39351/__cypress/runner/cypress_runner.js:162140:16)\n    at Async../node_modules/bluebird/js/release/async.js.Async._drainQueues (http://localhost:39351/__cypress/runner/cypress_runner.js:162150:10)\n    at Async.drainQueues (http://localhost:39351/__cypress/runner/cypress_runner.js:162024:14)",
                "diff": null
              },
              "uuid": "4e7c8234-4428-4c9a-bd91-6855db722051",
              "parentUUID": "fc30941d-2e47-4b0e-8cd3-f2e03284e7cb",
              "isHook": false,
              "skipped": false
            },
            {
              "title": "Verifica se o botão contém o texto 'VQV'",
              "fullTitle": "10 - Faça o quadro de pixels ter seu tamanho definido pelo usuário. Verifica se o botão contém o texto 'VQV'",
              "timedOut": null,
              "duration": 5253,
              "state": "failed",
              "speed": null,
              "pass": false,
              "fail": true,
              "pending": false,
              "context": null,
              "code": "cy.get('#generate-board').contains(/vqv/i);",
              "err": {
                "message": "CypressError: Timed out retrying: Expected to find element: '#generate-board', but never found it.",
                "estack": "CypressError: Timed out retrying: Expected to find element: '#generate-board', but never found it.\n    at cypressErr (http://localhost:39351/__cypress/runner/cypress_runner.js:149934:9)\n    at throwErr (http://localhost:39351/__cypress/runner/cypress_runner.js:149867:11)\n    at Object.throwErrByPath (http://localhost:39351/__cypress/runner/cypress_runner.js:149915:3)\n    at retry (http://localhost:39351/__cypress/runner/cypress_runner.js:144197:19)\n    at onFailFn (http://localhost:39351/__cypress/runner/cypress_runner.js:132448:16)\n    at tryCatcher (http://localhost:39351/__cypress/runner/cypress_runner.js:167415:23)\n    at Promise._settlePromiseFromHandler (http://localhost:39351/__cypress/runner/cypress_runner.js:165351:31)\n    at Promise._settlePromise (http://localhost:39351/__cypress/runner/cypress_runner.js:165408:18)\n    at Promise._settlePromise0 (http://localhost:39351/__cypress/runner/cypress_runner.js:165453:10)\n    at Promise._settlePromises (http://localhost:39351/__cypress/runner/cypress_runner.js:165528:18)\n    at Async../node_modules/bluebird/js/release/async.js.Async._drainQueue (http://localhost:39351/__cypress/runner/cypress_runner.js:162140:16)\n    at Async../node_modules/bluebird/js/release/async.js.Async._drainQueues (http://localhost:39351/__cypress/runner/cypress_runner.js:162150:10)\n    at Async.drainQueues (http://localhost:39351/__cypress/runner/cypress_runner.js:162024:14)",
                "diff": null
              },
              "uuid": "afc9d361-82f3-4a5b-b8cd-23ad8dc76ae5",
              "parentUUID": "fc30941d-2e47-4b0e-8cd3-f2e03284e7cb",
              "isHook": false,
              "skipped": false
            },
            {
              "title": "Verifica se o input está posicionado entre a paleta de cores e o quadro de pixels",
              "fullTitle": "10 - Faça o quadro de pixels ter seu tamanho definido pelo usuário. Verifica se o input está posicionado entre a paleta de cores e o quadro de pixels",
              "timedOut": null,
              "duration": 5396,
              "state": "failed",
              "speed": null,
              "pass": false,
              "fail": true,
              "pending": false,
              "context": null,
              "code": "cy.get('#color-palette').then(function (palette) {\n  cy.get('#board-size').should('be.belowOf', palette);\n});\ncy.get('#board-size').then(function (palette) {\n  cy.get('#pixel-board').should('be.belowOf', palette);\n});",
              "err": {
                "message": "CypressError: Timed out retrying: Expected to find element: '#board-size', but never found it.",
                "estack": "CypressError: Timed out retrying: Expected to find element: '#board-size', but never found it.\n    at cypressErr (http://localhost:39351/__cypress/runner/cypress_runner.js:149934:9)\n    at throwErr (http://localhost:39351/__cypress/runner/cypress_runner.js:149867:11)\n    at Object.throwErrByPath (http://localhost:39351/__cypress/runner/cypress_runner.js:149915:3)\n    at retry (http://localhost:39351/__cypress/runner/cypress_runner.js:144197:19)\n    at onFailFn (http://localhost:39351/__cypress/runner/cypress_runner.js:132448:16)\n    at tryCatcher (http://localhost:39351/__cypress/runner/cypress_runner.js:167415:23)\n    at Promise._settlePromiseFromHandler (http://localhost:39351/__cypress/runner/cypress_runner.js:165351:31)\n    at Promise._settlePromise (http://localhost:39351/__cypress/runner/cypress_runner.js:165408:18)\n    at Promise._settlePromise0 (http://localhost:39351/__cypress/runner/cypress_runner.js:165453:10)\n    at Promise._settlePromises (http://localhost:39351/__cypress/runner/cypress_runner.js:165528:18)\n    at Async../node_modules/bluebird/js/release/async.js.Async._drainQueue (http://localhost:39351/__cypress/runner/cypress_runner.js:162140:16)\n    at Async../node_modules/bluebird/js/release/async.js.Async._drainQueues (http://localhost:39351/__cypress/runner/cypress_runner.js:162150:10)\n    at Async.drainQueues (http://localhost:39351/__cypress/runner/cypress_runner.js:162024:14)",
                "diff": null
              },
              "uuid": "870ff67f-325e-4404-a7c9-264437bc5c06",
              "parentUUID": "fc30941d-2e47-4b0e-8cd3-f2e03284e7cb",
              "isHook": false,
              "skipped": false
            },
            {
              "title": "Verifica se o botão está posicionado ao lado do input",
              "fullTitle": "10 - Faça o quadro de pixels ter seu tamanho definido pelo usuário. Verifica se o botão está posicionado ao lado do input",
              "timedOut": null,
              "duration": 5548,
              "state": "failed",
              "speed": null,
              "pass": false,
              "fail": true,
              "pending": false,
              "context": null,
              "code": "cy.get('#board-size').then(function (board) {\n  cy.get('#generate-board').should('be.onTheRightOf', board);\n});",
              "err": {
                "message": "CypressError: Timed out retrying: Expected to find element: '#board-size', but never found it.",
                "estack": "CypressError: Timed out retrying: Expected to find element: '#board-size', but never found it.\n    at cypressErr (http://localhost:39351/__cypress/runner/cypress_runner.js:149934:9)\n    at throwErr (http://localhost:39351/__cypress/runner/cypress_runner.js:149867:11)\n    at Object.throwErrByPath (http://localhost:39351/__cypress/runner/cypress_runner.js:149915:3)\n    at retry (http://localhost:39351/__cypress/runner/cypress_runner.js:144197:19)\n    at onFailFn (http://localhost:39351/__cypress/runner/cypress_runner.js:132448:16)\n    at tryCatcher (http://localhost:39351/__cypress/runner/cypress_runner.js:167415:23)\n    at Promise._settlePromiseFromHandler (http://localhost:39351/__cypress/runner/cypress_runner.js:165351:31)\n    at Promise._settlePromise (http://localhost:39351/__cypress/runner/cypress_runner.js:165408:18)\n    at Promise._settlePromise0 (http://localhost:39351/__cypress/runner/cypress_runner.js:165453:10)\n    at Promise._settlePromises (http://localhost:39351/__cypress/runner/cypress_runner.js:165528:18)\n    at Async../node_modules/bluebird/js/release/async.js.Async._drainQueue (http://localhost:39351/__cypress/runner/cypress_runner.js:162140:16)\n    at Async../node_modules/bluebird/js/release/async.js.Async._drainQueues (http://localhost:39351/__cypress/runner/cypress_runner.js:162150:10)\n    at Async.drainQueues (http://localhost:39351/__cypress/runner/cypress_runner.js:162024:14)",
                "diff": null
              },
              "uuid": "7f2def10-ccbc-41e3-b65f-d4f264cb5774",
              "parentUUID": "fc30941d-2e47-4b0e-8cd3-f2e03284e7cb",
              "isHook": false,
              "skipped": false
            },
            {
              "title": "Verifica se nenhum valor for colocado no input ao clicar no botão, um `alert` é exibido com o texto: 'Board inválido!'",
              "fullTitle": "10 - Faça o quadro de pixels ter seu tamanho definido pelo usuário. Verifica se nenhum valor for colocado no input ao clicar no botão, um `alert` é exibido com o texto: 'Board inválido!'",
              "timedOut": null,
              "duration": 5064,
              "state": "failed",
              "speed": null,
              "pass": false,
              "fail": true,
              "pending": false,
              "context": null,
              "code": "var alerted = false;\ncy.on('window:alert', function (msg) {\n  return alerted = msg;\n});\ncy.get('#generate-board').click().then(function () {\n  return expect(alerted).to.match(/Board inválido!/i);\n});",
              "err": {
                "message": "CypressError: Timed out retrying: Expected to find element: '#generate-board', but never found it.",
                "estack": "CypressError: Timed out retrying: Expected to find element: '#generate-board', but never found it.\n    at cypressErr (http://localhost:39351/__cypress/runner/cypress_runner.js:149934:9)\n    at throwErr (http://localhost:39351/__cypress/runner/cypress_runner.js:149867:11)\n    at Object.throwErrByPath (http://localhost:39351/__cypress/runner/cypress_runner.js:149915:3)\n    at retry (http://localhost:39351/__cypress/runner/cypress_runner.js:144197:19)\n    at onFailFn (http://localhost:39351/__cypress/runner/cypress_runner.js:132448:16)\n    at tryCatcher (http://localhost:39351/__cypress/runner/cypress_runner.js:167415:23)\n    at Promise._settlePromiseFromHandler (http://localhost:39351/__cypress/runner/cypress_runner.js:165351:31)\n    at Promise._settlePromise (http://localhost:39351/__cypress/runner/cypress_runner.js:165408:18)\n    at Promise._settlePromise0 (http://localhost:39351/__cypress/runner/cypress_runner.js:165453:10)\n    at Promise._settlePromises (http://localhost:39351/__cypress/runner/cypress_runner.js:165528:18)\n    at Async../node_modules/bluebird/js/release/async.js.Async._drainQueue (http://localhost:39351/__cypress/runner/cypress_runner.js:162140:16)\n    at Async../node_modules/bluebird/js/release/async.js.Async._drainQueues (http://localhost:39351/__cypress/runner/cypress_runner.js:162150:10)\n    at Async.drainQueues (http://localhost:39351/__cypress/runner/cypress_runner.js:162024:14)",
                "diff": null
              },
              "uuid": "071b4b9a-d66d-4c37-acb3-c5ff4bcdf978",
              "parentUUID": "fc30941d-2e47-4b0e-8cd3-f2e03284e7cb",
              "isHook": false,
              "skipped": false
            },
            {
              "title": "Verifica se ao clicar no botão com um valor preenchido, o tamanho do board muda.",
              "fullTitle": "10 - Faça o quadro de pixels ter seu tamanho definido pelo usuário. Verifica se ao clicar no botão com um valor preenchido, o tamanho do board muda.",
              "timedOut": null,
              "duration": 5239,
              "state": "failed",
              "speed": null,
              "pass": false,
              "fail": true,
              "pending": false,
              "context": null,
              "code": "cy.get('#board-size').clear().type(10);\ncy.get('#generate-board').click();\ncy.get('.pixel').should('have.length', 100);",
              "err": {
                "message": "CypressError: Timed out retrying: Expected to find element: '#board-size', but never found it.",
                "estack": "CypressError: Timed out retrying: Expected to find element: '#board-size', but never found it.\n    at cypressErr (http://localhost:39351/__cypress/runner/cypress_runner.js:149934:9)\n    at throwErr (http://localhost:39351/__cypress/runner/cypress_runner.js:149867:11)\n    at Object.throwErrByPath (http://localhost:39351/__cypress/runner/cypress_runner.js:149915:3)\n    at retry (http://localhost:39351/__cypress/runner/cypress_runner.js:144197:19)\n    at onFailFn (http://localhost:39351/__cypress/runner/cypress_runner.js:132448:16)\n    at tryCatcher (http://localhost:39351/__cypress/runner/cypress_runner.js:167415:23)\n    at Promise._settlePromiseFromHandler (http://localhost:39351/__cypress/runner/cypress_runner.js:165351:31)\n    at Promise._settlePromise (http://localhost:39351/__cypress/runner/cypress_runner.js:165408:18)\n    at Promise._settlePromise0 (http://localhost:39351/__cypress/runner/cypress_runner.js:165453:10)\n    at Promise._settlePromises (http://localhost:39351/__cypress/runner/cypress_runner.js:165528:18)\n    at Async../node_modules/bluebird/js/release/async.js.Async._drainQueue (http://localhost:39351/__cypress/runner/cypress_runner.js:162140:16)\n    at Async../node_modules/bluebird/js/release/async.js.Async._drainQueues (http://localhost:39351/__cypress/runner/cypress_runner.js:162150:10)\n    at Async.drainQueues (http://localhost:39351/__cypress/runner/cypress_runner.js:162024:14)",
                "diff": null
              },
              "uuid": "7a515919-d15a-4103-9851-605074f83888",
              "parentUUID": "fc30941d-2e47-4b0e-8cd3-f2e03284e7cb",
              "isHook": false,
              "skipped": false
            },
            {
              "title": "Verifica se o novo quadro tem todos os pixels preenchidos com a cor branca",
              "fullTitle": "10 - Faça o quadro de pixels ter seu tamanho definido pelo usuário. Verifica se o novo quadro tem todos os pixels preenchidos com a cor branca",
              "timedOut": null,
              "duration": 5281,
              "state": "failed",
              "speed": null,
              "pass": false,
              "fail": true,
              "pending": false,
              "context": null,
              "code": "cy.get('#board-size').clear().type(6);\ncy.get('#generate-board').click();\ncy.get('.pixel').should('have.length', 36).each(function (pixel) {\n  expect(pixel).to.have.css('background-color', WHITE);\n});",
              "err": {
                "message": "CypressError: Timed out retrying: Expected to find element: '#board-size', but never found it.",
                "estack": "CypressError: Timed out retrying: Expected to find element: '#board-size', but never found it.\n    at cypressErr (http://localhost:39351/__cypress/runner/cypress_runner.js:149934:9)\n    at throwErr (http://localhost:39351/__cypress/runner/cypress_runner.js:149867:11)\n    at Object.throwErrByPath (http://localhost:39351/__cypress/runner/cypress_runner.js:149915:3)\n    at retry (http://localhost:39351/__cypress/runner/cypress_runner.js:144197:19)\n    at onFailFn (http://localhost:39351/__cypress/runner/cypress_runner.js:132448:16)\n    at tryCatcher (http://localhost:39351/__cypress/runner/cypress_runner.js:167415:23)\n    at Promise._settlePromiseFromHandler (http://localhost:39351/__cypress/runner/cypress_runner.js:165351:31)\n    at Promise._settlePromise (http://localhost:39351/__cypress/runner/cypress_runner.js:165408:18)\n    at Promise._settlePromise0 (http://localhost:39351/__cypress/runner/cypress_runner.js:165453:10)\n    at Promise._settlePromises (http://localhost:39351/__cypress/runner/cypress_runner.js:165528:18)\n    at Async../node_modules/bluebird/js/release/async.js.Async._drainQueue (http://localhost:39351/__cypress/runner/cypress_runner.js:162140:16)\n    at Async../node_modules/bluebird/js/release/async.js.Async._drainQueues (http://localhost:39351/__cypress/runner/cypress_runner.js:162150:10)\n    at Async.drainQueues (http://localhost:39351/__cypress/runner/cypress_runner.js:162024:14)",
                "diff": null
              },
              "uuid": "cc759580-402d-4fae-b528-38fc199c8e5a",
              "parentUUID": "fc30941d-2e47-4b0e-8cd3-f2e03284e7cb",
              "isHook": false,
              "skipped": false
            }
          ],
          "suites": [],
          "passes": [],
          "failures": [
            "372da661-a68b-47a2-b8d3-4b8e29fe32db",
            "754e9a91-b0d8-4a1c-96a9-837a0f9cbe53",
            "4e7c8234-4428-4c9a-bd91-6855db722051",
            "afc9d361-82f3-4a5b-b8cd-23ad8dc76ae5",
            "870ff67f-325e-4404-a7c9-264437bc5c06",
            "7f2def10-ccbc-41e3-b65f-d4f264cb5774",
            "071b4b9a-d66d-4c37-acb3-c5ff4bcdf978",
            "7a515919-d15a-4103-9851-605074f83888",
            "cc759580-402d-4fae-b528-38fc199c8e5a"
          ],
          "pending": [],
          "skipped": [],
          "duration": 47471,
          "root": false,
          "rootEmpty": false,
          "_timeout": 2000
        },
        {
          "uuid": "825e4bcd-0819-4661-acf1-55ad559c8733",
          "title": "11 - Limite o tamanho mínimo e máximo do board.",
          "fullFile": "",
          "file": "",
          "beforeHooks": [],
          "afterHooks": [],
          "tests": [
            {
              "title": "Verifica se a altura máxima do board é 50",
              "fullTitle": "11 - Limite o tamanho mínimo e máximo do board. Verifica se a altura máxima do board é 50",
              "timedOut": null,
              "duration": 5631,
              "state": "failed",
              "speed": null,
              "pass": false,
              "fail": true,
              "pending": false,
              "context": null,
              "code": "cy.get('#board-size').clear().type(50);\ncy.get('#generate-board').click();\ncy.get('.pixel').should('have.length', 2500);",
              "err": {
                "message": "CypressError: Timed out retrying: Expected to find element: '#board-size', but never found it.",
                "estack": "CypressError: Timed out retrying: Expected to find element: '#board-size', but never found it.\n    at cypressErr (http://localhost:39351/__cypress/runner/cypress_runner.js:149934:9)\n    at throwErr (http://localhost:39351/__cypress/runner/cypress_runner.js:149867:11)\n    at Object.throwErrByPath (http://localhost:39351/__cypress/runner/cypress_runner.js:149915:3)\n    at retry (http://localhost:39351/__cypress/runner/cypress_runner.js:144197:19)\n    at onFailFn (http://localhost:39351/__cypress/runner/cypress_runner.js:132448:16)\n    at tryCatcher (http://localhost:39351/__cypress/runner/cypress_runner.js:167415:23)\n    at Promise._settlePromiseFromHandler (http://localhost:39351/__cypress/runner/cypress_runner.js:165351:31)\n    at Promise._settlePromise (http://localhost:39351/__cypress/runner/cypress_runner.js:165408:18)\n    at Promise._settlePromise0 (http://localhost:39351/__cypress/runner/cypress_runner.js:165453:10)\n    at Promise._settlePromises (http://localhost:39351/__cypress/runner/cypress_runner.js:165528:18)\n    at Async../node_modules/bluebird/js/release/async.js.Async._drainQueue (http://localhost:39351/__cypress/runner/cypress_runner.js:162140:16)\n    at Async../node_modules/bluebird/js/release/async.js.Async._drainQueues (http://localhost:39351/__cypress/runner/cypress_runner.js:162150:10)\n    at Async.drainQueues (http://localhost:39351/__cypress/runner/cypress_runner.js:162024:14)",
                "diff": null
              },
              "uuid": "51c567ac-44ab-4d71-967d-50203ead264b",
              "parentUUID": "825e4bcd-0819-4661-acf1-55ad559c8733",
              "isHook": false,
              "skipped": false
            },
            {
              "title": "Verifica se a altura do board é 5 quando um valor menor é colocado no input",
              "fullTitle": "11 - Limite o tamanho mínimo e máximo do board. Verifica se a altura do board é 5 quando um valor menor é colocado no input",
              "timedOut": null,
              "duration": 5475,
              "state": "failed",
              "speed": null,
              "pass": false,
              "fail": true,
              "pending": false,
              "context": null,
              "code": "cy.get('#board-size').clear().type(4);\ncy.get('#generate-board').click();\ncy.get('.pixel').should('have.length', 25);",
              "err": {
                "message": "CypressError: Timed out retrying: Expected to find element: '#board-size', but never found it.",
                "estack": "CypressError: Timed out retrying: Expected to find element: '#board-size', but never found it.\n    at cypressErr (http://localhost:39351/__cypress/runner/cypress_runner.js:149934:9)\n    at throwErr (http://localhost:39351/__cypress/runner/cypress_runner.js:149867:11)\n    at Object.throwErrByPath (http://localhost:39351/__cypress/runner/cypress_runner.js:149915:3)\n    at retry (http://localhost:39351/__cypress/runner/cypress_runner.js:144197:19)\n    at onFailFn (http://localhost:39351/__cypress/runner/cypress_runner.js:132448:16)\n    at tryCatcher (http://localhost:39351/__cypress/runner/cypress_runner.js:167415:23)\n    at Promise._settlePromiseFromHandler (http://localhost:39351/__cypress/runner/cypress_runner.js:165351:31)\n    at Promise._settlePromise (http://localhost:39351/__cypress/runner/cypress_runner.js:165408:18)\n    at Promise._settlePromise0 (http://localhost:39351/__cypress/runner/cypress_runner.js:165453:10)\n    at Promise._settlePromises (http://localhost:39351/__cypress/runner/cypress_runner.js:165528:18)\n    at Async../node_modules/bluebird/js/release/async.js.Async._drainQueue (http://localhost:39351/__cypress/runner/cypress_runner.js:162140:16)\n    at Async../node_modules/bluebird/js/release/async.js.Async._drainQueues (http://localhost:39351/__cypress/runner/cypress_runner.js:162150:10)\n    at Async.drainQueues (http://localhost:39351/__cypress/runner/cypress_runner.js:162024:14)",
                "diff": null
              },
              "uuid": "c7cf5be8-d73b-4487-9ceb-ba148f512c63",
              "parentUUID": "825e4bcd-0819-4661-acf1-55ad559c8733",
              "isHook": false,
              "skipped": false
            },
            {
              "title": "Verifica se a altura do board é 50 quando um valor maior é colocado no input",
              "fullTitle": "11 - Limite o tamanho mínimo e máximo do board. Verifica se a altura do board é 50 quando um valor maior é colocado no input",
              "timedOut": null,
              "duration": 5518,
              "state": "failed",
              "speed": null,
              "pass": false,
              "fail": true,
              "pending": false,
              "context": null,
              "code": "cy.get('#board-size').clear().type(51);\ncy.get('#generate-board').click();\ncy.get('.pixel').should('have.length', 2500);",
              "err": {
                "message": "CypressError: Timed out retrying: Expected to find element: '#board-size', but never found it.",
                "estack": "CypressError: Timed out retrying: Expected to find element: '#board-size', but never found it.\n    at cypressErr (http://localhost:39351/__cypress/runner/cypress_runner.js:149934:9)\n    at throwErr (http://localhost:39351/__cypress/runner/cypress_runner.js:149867:11)\n    at Object.throwErrByPath (http://localhost:39351/__cypress/runner/cypress_runner.js:149915:3)\n    at retry (http://localhost:39351/__cypress/runner/cypress_runner.js:144197:19)\n    at onFailFn (http://localhost:39351/__cypress/runner/cypress_runner.js:132448:16)\n    at tryCatcher (http://localhost:39351/__cypress/runner/cypress_runner.js:167415:23)\n    at Promise._settlePromiseFromHandler (http://localhost:39351/__cypress/runner/cypress_runner.js:165351:31)\n    at Promise._settlePromise (http://localhost:39351/__cypress/runner/cypress_runner.js:165408:18)\n    at Promise._settlePromise0 (http://localhost:39351/__cypress/runner/cypress_runner.js:165453:10)\n    at Promise._settlePromises (http://localhost:39351/__cypress/runner/cypress_runner.js:165528:18)\n    at Async../node_modules/bluebird/js/release/async.js.Async._drainQueue (http://localhost:39351/__cypress/runner/cypress_runner.js:162140:16)\n    at Async../node_modules/bluebird/js/release/async.js.Async._drainQueues (http://localhost:39351/__cypress/runner/cypress_runner.js:162150:10)\n    at Async.drainQueues (http://localhost:39351/__cypress/runner/cypress_runner.js:162024:14)",
                "diff": null
              },
              "uuid": "eeadb55b-c46e-41b3-957b-ff2c099e0675",
              "parentUUID": "825e4bcd-0819-4661-acf1-55ad559c8733",
              "isHook": false,
              "skipped": false
            }
          ],
          "suites": [],
          "passes": [],
          "failures": [
            "51c567ac-44ab-4d71-967d-50203ead264b",
            "c7cf5be8-d73b-4487-9ceb-ba148f512c63",
            "eeadb55b-c46e-41b3-957b-ff2c099e0675"
          ],
          "pending": [],
          "skipped": [],
          "duration": 16624,
          "root": false,
          "rootEmpty": false,
          "_timeout": 2000
        },
        {
          "uuid": "e3760b86-8fda-4223-81f0-2bca8cb01158",
          "title": "12 - Faça com que as cores da paleta sejam geradas aleatoriamente ao carregar a página.",
          "fullFile": "",
          "file": "",
          "beforeHooks": [],
          "afterHooks": [],
          "tests": [
            {
              "title": "Verifica se as cores geradas na paleta são diferentes a cada carregamento da página",
              "fullTitle": "12 - Faça com que as cores da paleta sejam geradas aleatoriamente ao carregar a página. Verifica se as cores geradas na paleta são diferentes a cada carregamento da página",
              "timedOut": null,
              "duration": 1840,
              "state": "failed",
              "speed": null,
              "pass": false,
              "fail": true,
              "pending": false,
              "context": null,
              "code": "cy.get('.color').then(function (colors) {\n  var currentColors;\n  var previousColors;\n  previousColors = Array.from(colors).map(function (color) {\n    return Cypress.$(color).css('background-color');\n  });\n  for (var i = 0; i < 5; i += 1) {\n    cy.reload();\n    cy.get('.color').then(function (colors) {\n      currentColors = Array.from(colors).map(function (color) {\n        return Cypress.$(color).css('background-color');\n      });\n      expect(currentColors).not.to.deep.equal(previousColors);\n      previousColors = currentColors;\n    });\n  }\n});",
              "err": {
                "message": "AssertionError: expected [ Array(4) ] to not deeply equal [ Array(4) ]",
                "estack": "AssertionError: expected [ Array(4) ] to not deeply equal [ Array(4) ]\n    at getRet (http://localhost:39351/__cypress/runner/cypress_runner.js:136585:16)\n    at tryCatcher (http://localhost:39351/__cypress/runner/cypress_runner.js:167415:23)\n    at Function.Promise.attempt.Promise.try (http://localhost:39351/__cypress/runner/cypress_runner.js:164690:29)\n    at Context.thenFn (http://localhost:39351/__cypress/runner/cypress_runner.js:136599:23)\n    at Context.then (http://localhost:39351/__cypress/runner/cypress_runner.js:136971:21)\n    at Context.<anonymous> (http://localhost:39351/__cypress/runner/cypress_runner.js:148875:21)\n    at http://localhost:39351/__cypress/runner/cypress_runner.js:148351:33\n    at tryCatcher (http://localhost:39351/__cypress/runner/cypress_runner.js:167415:23)\n    at Promise._settlePromiseFromHandler (http://localhost:39351/__cypress/runner/cypress_runner.js:165351:31)\n    at Promise._settlePromise (http://localhost:39351/__cypress/runner/cypress_runner.js:165408:18)\n    at Promise._settlePromiseCtx (http://localhost:39351/__cypress/runner/cypress_runner.js:165445:10)\n    at Async../node_modules/bluebird/js/release/async.js.Async._drainQueue (http://localhost:39351/__cypress/runner/cypress_runner.js:162145:12)\n    at Async../node_modules/bluebird/js/release/async.js.Async._drainQueues (http://localhost:39351/__cypress/runner/cypress_runner.js:162150:10)\n    at Async.drainQueues (http://localhost:39351/__cypress/runner/cypress_runner.js:162024:14)",
                "diff": ""
              },
              "uuid": "a34af414-b6d0-40aa-917a-874bb58cf403",
              "parentUUID": "e3760b86-8fda-4223-81f0-2bca8cb01158",
              "isHook": false,
              "skipped": false
            },
            {
              "title": "Verifica se a cor preta ainda está presente e é a primeira na sua paleta de cores",
              "fullTitle": "12 - Faça com que as cores da paleta sejam geradas aleatoriamente ao carregar a página. Verifica se a cor preta ainda está presente e é a primeira na sua paleta de cores",
              "timedOut": null,
              "duration": 2158,
              "state": "failed",
              "speed": null,
              "pass": false,
              "fail": true,
              "pending": false,
              "context": null,
              "code": "cy.get('.color').then(function (colors) {\n  var currentColors;\n  var previousColors;\n  previousColors = Array.from(colors).map(function (color) {\n    return Cypress.$(color).css('background-color');\n  });\n  expect(previousColors[0]).to.eq(BLACK);\n  for (var i = 0; i < 5; i += 1) {\n    cy.reload();\n    cy.get('.color').then(function (colors) {\n      currentColors = Array.from(colors).map(function (color) {\n        return Cypress.$(color).css('background-color');\n      });\n      expect(currentColors[0]).to.eq(BLACK);\n      expect(currentColors).not.to.deep.equal(previousColors);\n      previousColors = currentColors;\n    });\n  }\n});",
              "err": {
                "message": "AssertionError: expected [ Array(4) ] to not deeply equal [ Array(4) ]",
                "estack": "AssertionError: expected [ Array(4) ] to not deeply equal [ Array(4) ]\n    at getRet (http://localhost:39351/__cypress/runner/cypress_runner.js:136585:16)\n    at tryCatcher (http://localhost:39351/__cypress/runner/cypress_runner.js:167415:23)\n    at Function.Promise.attempt.Promise.try (http://localhost:39351/__cypress/runner/cypress_runner.js:164690:29)\n    at Context.thenFn (http://localhost:39351/__cypress/runner/cypress_runner.js:136599:23)\n    at Context.then (http://localhost:39351/__cypress/runner/cypress_runner.js:136971:21)\n    at Context.<anonymous> (http://localhost:39351/__cypress/runner/cypress_runner.js:148875:21)\n    at http://localhost:39351/__cypress/runner/cypress_runner.js:148351:33\n    at tryCatcher (http://localhost:39351/__cypress/runner/cypress_runner.js:167415:23)\n    at Promise._settlePromiseFromHandler (http://localhost:39351/__cypress/runner/cypress_runner.js:165351:31)\n    at Promise._settlePromise (http://localhost:39351/__cypress/runner/cypress_runner.js:165408:18)\n    at Promise._settlePromiseCtx (http://localhost:39351/__cypress/runner/cypress_runner.js:165445:10)\n    at Async../node_modules/bluebird/js/release/async.js.Async._drainQueue (http://localhost:39351/__cypress/runner/cypress_runner.js:162145:12)\n    at Async../node_modules/bluebird/js/release/async.js.Async._drainQueues (http://localhost:39351/__cypress/runner/cypress_runner.js:162150:10)\n    at Async.drainQueues (http://localhost:39351/__cypress/runner/cypress_runner.js:162024:14)",
                "diff": ""
              },
              "uuid": "28bd1f58-3978-4e29-8d50-0e242019597f",
              "parentUUID": "e3760b86-8fda-4223-81f0-2bca8cb01158",
              "isHook": false,
              "skipped": false
            }
          ],
          "suites": [],
          "passes": [],
          "failures": [
            "a34af414-b6d0-40aa-917a-874bb58cf403",
            "28bd1f58-3978-4e29-8d50-0e242019597f"
          ],
          "pending": [],
          "skipped": [],
          "duration": 3998,
          "root": false,
          "rootEmpty": false,
          "_timeout": 2000
        }
      ],
      "passes": [],
      "failures": [],
      "pending": [],
      "skipped": [],
      "duration": 0,
      "root": true,
      "rootEmpty": true,
      "_timeout": 2000
    }
  ],
  "meta": {
    "mocha": {
      "version": "7.0.1"
    },
    "mochawesome": {
      "options": {
        "quiet": false,
        "reportFilename": "mochawesome",
        "saveHtml": false,
        "saveJson": true,
        "consoleReporter": "spec",
        "useInlineDiffs": false
      },
      "version": "4.1.0"
    },
    "marge": {
      "options": {
        "id": "default",
        "reportDir": "cypress/reports",
        "overwrite": true,
        "html": false,
        "json": true
      },
      "version": "4.1.0"
    }
  }
}